MyNote/app/build/intermediates/manifest_merge_blame_file/debug/manifest-merger-blame-debug-report.txt
1<?xml version="1.0" encoding="utf-8"?>
2<manifest xmlns:android="http://schemas.android.com/apk/res/android"
3    package="com.example.note"
4    android:versionCode="1"
5    android:versionName="1.0" >
6
7    <uses-sdk
8        android:minSdkVersion="26"
8-->src/main/AndroidManifest.xml
9        android:targetSdkVersion="32" />
9-->src/main/AndroidManifest.xml
10
11    <uses-permission android:name="android.permission.INTERNET" />
11-->src/main/AndroidManifest.xml:4:5-67
11-->src/main/AndroidManifest.xml:4:22-64
12    <uses-permission android:name="android.permission.ACCESS_NETWORK_STATE" />
12-->src/main/AndroidManifest.xml:5:5-78
12-->src/main/AndroidManifest.xml:5:22-76
13
14    <application
14-->src/main/AndroidManifest.xml:7:5-35:19
15        android:allowBackup="true"
15-->src/main/AndroidManifest.xml:8:9-35
16        android:appComponentFactory="androidx.core.app.CoreComponentFactory"
16-->[androidx.core:core:1.5.0] AndroidManifest.xml:24:18-86
17        android:debuggable="true"
18        android:extractNativeLibs="false"
19        android:icon="@mipmap/ic_launcher"
19-->src/main/AndroidManifest.xml:9:9-43
20        android:label="@string/app_name"
20-->src/main/AndroidManifest.xml:10:9-41
21        android:roundIcon="@mipmap/ic_launcher_round"
21-->src/main/AndroidManifest.xml:11:9-54
22        android:supportsRtl="true"
22-->src/main/AndroidManifest.xml:12:9-35
23        android:testOnly="true"
24        android:theme="@style/Theme.Note" >
24-->src/main/AndroidManifest.xml:13:9-42
25        <activity
25-->src/main/AndroidManifest.xml:14:9-16:40
26            android:name="com.example.note.Note.NewNoteActivity"
26-->src/main/AndroidManifest.xml:15:13-49
27            android:exported="false" />
27-->src/main/AndroidManifest.xml:16:13-37
28        <activity
28-->src/main/AndroidManifest.xml:17:9-19:40
29            android:name="com.example.note.usersign.LoginActivity"
29-->src/main/AndroidManifest.xml:18:13-51
30            android:exported="false" />
30-->src/main/AndroidManifest.xml:19:13-37
31        <activity
31-->src/main/AndroidManifest.xml:20:9-22:40
32            android:name="com.example.note.usersign.RegisterActivity"
32-->src/main/AndroidManifest.xml:21:13-54
33            android:exported="false" />
33-->src/main/AndroidManifest.xml:22:13-37
34        <activity
34-->src/main/AndroidManifest.xml:23:9-25:40
35            android:name="com.example.note.StartActivity"
35-->src/main/AndroidManifest.xml:24:13-42
36            android:exported="false" />
36-->src/main/AndroidManifest.xml:25:13-37
37        <activity
37-->src/main/AndroidManifest.xml:26:9-34:20
38            android:name="com.example.note.MainActivity"
38-->src/main/AndroidManifest.xml:27:13-41
39            android:exported="true" >
39-->src/main/AndroidManifest.xml:28:13-36
40            <intent-filter>
40-->src/main/AndroidManifest.xml:29:13-33:29
41                <action android:name="android.intent.action.MAIN" />
41-->src/main/AndroidManifest.xml:30:17-69
41-->src/main/AndroidManifest.xml:30:25-66
42
43                <category android:name="android.intent.category.LAUNCHER" />
43-->src/main/AndroidManifest.xml:32:17-77
43-->src/main/AndroidManifest.xml:32:27-74
44            </intent-filter>
45        </activity>
46        <activity
46-->[com.google.firebase:firebase-auth:21.0.3] AndroidManifest.xml:27:9-44:20
47            android:name="com.google.firebase.auth.internal.GenericIdpActivity"
47-->[com.google.firebase:firebase-auth:21.0.3] AndroidManifest.xml:28:13-80
48            android:excludeFromRecents="true"
48-->[com.google.firebase:firebase-auth:21.0.3] AndroidManifest.xml:29:13-46
49            android:exported="true"
49-->[com.google.firebase:firebase-auth:21.0.3] AndroidManifest.xml:30:13-36
50            android:launchMode="singleTask"
50-->[com.google.firebase:firebase-auth:21.0.3] AndroidManifest.xml:31:13-44
51            android:theme="@android:style/Theme.Translucent.NoTitleBar" >
51-->[com.google.firebase:firebase-auth:21.0.3] AndroidManifest.xml:32:13-72
52            <intent-filter>
52-->[com.google.firebase:firebase-auth:21.0.3] AndroidManifest.xml:33:13-43:29
53                <action android:name="android.intent.action.VIEW" />
53-->[com.google.firebase:firebase-auth:21.0.3] AndroidManifest.xml:34:17-69
53-->[com.google.firebase:firebase-auth:21.0.3] AndroidManifest.xml:34:25-66
54
55                <category android:name="android.intent.category.DEFAULT" />
55-->[com.google.firebase:firebase-auth:21.0.3] AndroidManifest.xml:36:17-76
55-->[com.google.firebase:firebase-auth:21.0.3] AndroidManifest.xml:36:27-73
56                <category android:name="android.intent.category.BROWSABLE" />
56-->[com.google.firebase:firebase-auth:21.0.3] AndroidManifest.xml:37:17-78
56-->[com.google.firebase:firebase-auth:21.0.3] AndroidManifest.xml:37:27-75
57
58                <data
58-->[com.google.firebase:firebase-auth:21.0.3] AndroidManifest.xml:39:17-42:51
59                    android:host="firebase.auth"
59-->[com.google.firebase:firebase-auth:21.0.3] AndroidManifest.xml:40:21-49
60                    android:path="/"
60-->[com.google.firebase:firebase-auth:21.0.3] AndroidManifest.xml:41:21-37
61                    android:scheme="genericidp" />
61-->[com.google.firebase:firebase-auth:21.0.3] AndroidManifest.xml:42:21-48
62            </intent-filter>
63        </activity>
64        <activity
64-->[com.google.firebase:firebase-auth:21.0.3] AndroidManifest.xml:45:9-62:20
65            android:name="com.google.firebase.auth.internal.RecaptchaActivity"
65-->[com.google.firebase:firebase-auth:21.0.3] AndroidManifest.xml:46:13-79
66            android:excludeFromRecents="true"
66-->[com.google.firebase:firebase-auth:21.0.3] AndroidManifest.xml:47:13-46
67            android:exported="true"
67-->[com.google.firebase:firebase-auth:21.0.3] AndroidManifest.xml:48:13-36
68            android:launchMode="singleTask"
68-->[com.google.firebase:firebase-auth:21.0.3] AndroidManifest.xml:49:13-44
69            android:theme="@android:style/Theme.Translucent.NoTitleBar" >
69-->[com.google.firebase:firebase-auth:21.0.3] AndroidManifest.xml:50:13-72
70            <intent-filter>
70-->[com.google.firebase:firebase-auth:21.0.3] AndroidManifest.xml:51:13-61:29
71                <action android:name="android.intent.action.VIEW" />
71-->[com.google.firebase:firebase-auth:21.0.3] AndroidManifest.xml:34:17-69
71-->[com.google.firebase:firebase-auth:21.0.3] AndroidManifest.xml:34:25-66
72
73                <category android:name="android.intent.category.DEFAULT" />
73-->[com.google.firebase:firebase-auth:21.0.3] AndroidManifest.xml:36:17-76
73-->[com.google.firebase:firebase-auth:21.0.3] AndroidManifest.xml:36:27-73
74                <category android:name="android.intent.category.BROWSABLE" />
74-->[com.google.firebase:firebase-auth:21.0.3] AndroidManifest.xml:37:17-78
74-->[com.google.firebase:firebase-auth:21.0.3] AndroidManifest.xml:37:27-75
75
76                <data
76-->[com.google.firebase:firebase-auth:21.0.3] AndroidManifest.xml:39:17-42:51
77                    android:host="firebase.auth"
77-->[com.google.firebase:firebase-auth:21.0.3] AndroidManifest.xml:40:21-49
78                    android:path="/"
78-->[com.google.firebase:firebase-auth:21.0.3] AndroidManifest.xml:41:21-37
79                    android:scheme="recaptcha" />
79-->[com.google.firebase:firebase-auth:21.0.3] AndroidManifest.xml:42:21-48
80            </intent-filter>
81        </activity>
82
83        <service
83-->[com.google.firebase:firebase-auth:21.0.3] AndroidManifest.xml:64:9-70:19
84            android:name="com.google.firebase.components.ComponentDiscoveryService"
84-->[com.google.firebase:firebase-auth:21.0.3] AndroidManifest.xml:65:13-84
85            android:directBootAware="true"
85-->[com.google.firebase:firebase-common:20.1.1] AndroidManifest.xml:35:13-43
86            android:exported="false" >
86-->[com.google.firebase:firebase-auth:21.0.3] AndroidManifest.xml:66:13-37
87            <meta-data
87-->[com.google.firebase:firebase-auth:21.0.3] AndroidManifest.xml:67:13-69:85
88                android:name="com.google.firebase.components:com.google.firebase.auth.FirebaseAuthRegistrar"
88-->[com.google.firebase:firebase-auth:21.0.3] AndroidManifest.xml:68:17-109
89                android:value="com.google.firebase.components.ComponentRegistrar" />
89-->[com.google.firebase:firebase-auth:21.0.3] AndroidManifest.xml:69:17-82
90            <meta-data
90-->[com.google.firebase:firebase-database:20.0.5] AndroidManifest.xml:32:13-34:85
91                android:name="com.google.firebase.components:com.google.firebase.database.DatabaseRegistrar"
91-->[com.google.firebase:firebase-database:20.0.5] AndroidManifest.xml:33:17-109
92                android:value="com.google.firebase.components.ComponentRegistrar" />
92-->[com.google.firebase:firebase-database:20.0.5] AndroidManifest.xml:34:17-82
93            <meta-data
93-->[com.google.firebase:firebase-storage:20.0.1] AndroidManifest.xml:33:13-35:85
94                android:name="com.google.firebase.components:com.google.firebase.storage.StorageRegistrar"
94-->[com.google.firebase:firebase-storage:20.0.1] AndroidManifest.xml:34:17-107
95                android:value="com.google.firebase.components.ComponentRegistrar" />
95-->[com.google.firebase:firebase-storage:20.0.1] AndroidManifest.xml:35:17-82
96            <meta-data
96-->[com.google.firebase:firebase-firestore:24.1.2] AndroidManifest.xml:20:13-22:85
97                android:name="com.google.firebase.components:com.google.firebase.firestore.FirestoreRegistrar"
97-->[com.google.firebase:firebase-firestore:24.1.2] AndroidManifest.xml:21:17-111
98                android:value="com.google.firebase.components.ComponentRegistrar" />
98-->[com.google.firebase:firebase-firestore:24.1.2] AndroidManifest.xml:22:17-82
99        </service>
100
101        <provider
101-->[com.google.firebase:firebase-common:20.1.1] AndroidManifest.xml:26:9-31:39
102            android:name="com.google.firebase.provider.FirebaseInitProvider"
102-->[com.google.firebase:firebase-common:20.1.1] AndroidManifest.xml:27:13-77
103            android:authorities="com.example.note.firebaseinitprovider"
103-->[com.google.firebase:firebase-common:20.1.1] AndroidManifest.xml:28:13-72
104            android:directBootAware="true"
104-->[com.google.firebase:firebase-common:20.1.1] AndroidManifest.xml:29:13-43
105            android:exported="false"
105-->[com.google.firebase:firebase-common:20.1.1] AndroidManifest.xml:30:13-37
106            android:initOrder="100" />
106-->[com.google.firebase:firebase-common:20.1.1] AndroidManifest.xml:31:13-36
107
108        <activity
108-->[com.google.android.gms:play-services-base:18.0.1] AndroidManifest.xml:20:9-22:45
109            android:name="com.google.android.gms.common.api.GoogleApiActivity"
109-->[com.google.android.gms:play-services-base:18.0.1] AndroidManifest.xml:20:19-85
110            android:exported="false"
110-->[com.google.android.gms:play-services-base:18.0.1] AndroidManifest.xml:22:19-43
111            android:theme="@android:style/Theme.Translucent.NoTitleBar" />
111-->[com.google.android.gms:play-services-base:18.0.1] AndroidManifest.xml:21:19-78
112
113        <meta-data
113-->[com.google.android.gms:play-services-basement:18.0.0] AndroidManifest.xml:21:9-23:69
114            android:name="com.google.android.gms.version"
114-->[com.google.android.gms:play-services-basement:18.0.0] AndroidManifest.xml:22:13-58
115            android:value="@integer/google_play_services_version" />
115-->[com.google.android.gms:play-services-basement:18.0.0] AndroidManifest.xml:23:13-66
116    </application>
117
118</manifest>